Build started 2017-01-27 00:51:22.
     1>Project "D:\elka\GKOM\projekt GKOM\gl_05\gl_05.vcxproj" on node 2 (Build target(s)).
     1>ClCompile:
         C:\Program Files (x86)\Microsoft Visual Studio 12.0\VC\bin\CL.exe /c /Zi /nologo /W3 /WX- /Od /Oy- /D WIN32 /D _DEBUG /D _CONSOLE /D _LIB /D _UNICODE /D UNICODE /Gm /EHsc /RTC1 /MDd /GS /fp:precise /Zc:wchar_t /Zc:forScope /Fo"Debug\\" /Fd"Debug\vc120.pdb" /Gd /TP /analyze- /errorReport:prompt gl_05.cpp
         gl_05.cpp
     1>gl_05.cpp(42): warning C4305: 'initializing' : truncation from 'double' to 'const float'
     1>gl_05.cpp(144): warning C4244: '-=' : conversion from 'double' to 'GLfloat', possible loss of data
     1>gl_05.cpp(156): warning C4244: '=' : conversion from 'double' to 'GLfloat', possible loss of data
     1>gl_05.cpp(157): warning C4244: '=' : conversion from 'double' to 'GLfloat', possible loss of data
     1>gl_05.cpp(161): warning C4244: 'initializing' : conversion from 'double' to 'GLfloat', possible loss of data
     1>gl_05.cpp(162): warning C4244: 'initializing' : conversion from 'double' to 'GLfloat', possible loss of data
     1>gl_05.cpp(163): warning C4244: '=' : conversion from 'double' to 'GLfloat', possible loss of data
     1>gl_05.cpp(164): warning C4244: '=' : conversion from 'double' to 'GLfloat', possible loss of data
     1>gl_05.cpp(166): warning C4305: 'initializing' : truncation from 'double' to 'GLfloat'
     1>gl_05.cpp(217): warning C4305: 'initializing' : truncation from 'double' to 'GLfloat'
     1>gl_05.cpp(218): warning C4244: 'initializing' : conversion from 'double' to 'GLfloat', possible loss of data
     1>gl_05.cpp(222): warning C4244: '=' : conversion from 'double' to 'GLfloat', possible loss of data
     1>gl_05.cpp(731): warning C4244: 'initializing' : conversion from 'double' to 'GLfloat', possible loss of data
       Link:
         C:\Program Files (x86)\Microsoft Visual Studio 12.0\VC\bin\link.exe /ERRORREPORT:PROMPT /OUT:"D:\elka\GKOM\projekt GKOM\Debug\gl_05.exe" /INCREMENTAL:NO /NOLOGO opengl32.lib glfw3.lib glew32s.lib soil.lib kernel32.lib user32.lib gdi32.lib winspool.lib comdlg32.lib advapi32.lib shell32.lib ole32.lib oleaut32.lib uuid.lib odbc32.lib odbccp32.lib kernel32.lib user32.lib gdi32.lib winspool.lib comdlg32.lib advapi32.lib shell32.lib ole32.lib oleaut32.lib uuid.lib odbc32.lib odbccp32.lib /NODEFAULTLIB:msvcrt.lib /NODEFAULTLIB:libcmt.lib /MANIFEST /MANIFESTUAC:"level='asInvoker' uiAccess='false'" /manifest:embed /DEBUG /PDB:"D:\elka\GKOM\projekt GKOM\Debug\gl_05.pdb" /SUBSYSTEM:CONSOLE /LTCG /TLBID:1 /DYNAMICBASE /NXCOMPAT /IMPLIB:"D:\elka\GKOM\projekt GKOM\Debug\gl_05.lib" /MACHINE:X86 Debug\gl_05.res
         Debug\Camera.obj
         Debug\gl_05.obj
         Debug\shprogram.obj
         Generating code
         Finished generating code
         gl_05.vcxproj -> D:\elka\GKOM\projekt GKOM\Debug\gl_05.exe
     1>Done Building Project "D:\elka\GKOM\projekt GKOM\gl_05\gl_05.vcxproj" (Build target(s)).

Build succeeded.

Time Elapsed 00:00:02.31
